0 info it worked if it ends with ok
1 verbose cli [ '/usr/bin/nodejs', '/usr/bin/npm', 'run', 'dev' ]
2 info using npm@3.10.8
3 info using node@v6.3.1
4 verbose run-script [ 'predev', 'dev', 'postdev' ]
5 info lifecycle webpack-app@1.0.0~predev: webpack-app@1.0.0
6 silly lifecycle webpack-app@1.0.0~predev: no script for predev, continuing
7 info lifecycle webpack-app@1.0.0~dev: webpack-app@1.0.0
8 verbose lifecycle webpack-app@1.0.0~dev: unsafe-perm in lifecycle true
9 verbose lifecycle webpack-app@1.0.0~dev: PATH: /usr/lib/node_modules/npm/bin/node-gyp-bin:/media/gorgear/software1/百项项目/linux/iShangrila/node_modules/.bin:/usr/local/bin:/usr/bin:/bin:/usr/local/games:/usr/games:/opt/android-sdk/platform-tools:/opt/android-sdk/tools:/opt/node/bin
10 verbose lifecycle webpack-app@1.0.0~dev: CWD: /media/gorgear/software1/百项项目/linux/iShangrila
11 silly lifecycle webpack-app@1.0.0~dev: Args: [ '-c', 'node app　&　webpack-dev-server ' ]
12 info lifecycle webpack-app@1.0.0~dev: Failed to exec dev script
13 verbose stack Error: webpack-app@1.0.0 dev: `node app　&　webpack-dev-server `
13 verbose stack spawn ENOENT
13 verbose stack     at ChildProcess.<anonymous> (/usr/lib/node_modules/npm/lib/utils/spawn.js:33:16)
13 verbose stack     at emitTwo (events.js:106:13)
13 verbose stack     at ChildProcess.emit (events.js:191:7)
13 verbose stack     at maybeClose (internal/child_process.js:852:16)
13 verbose stack     at Process.ChildProcess._handle.onexit (internal/child_process.js:215:5)
14 verbose pkgid webpack-app@1.0.0
15 verbose cwd /media/gorgear/software1/百项项目/linux/iShangrila
16 error Linux 4.4.0-3-deepin-amd64
17 error argv "/usr/bin/nodejs" "/usr/bin/npm" "run" "dev"
18 error node v6.3.1
19 error npm  v3.10.8
20 error file sh
21 error code ELIFECYCLE
22 error errno ENOENT
23 error syscall spawn
24 error webpack-app@1.0.0 dev: `node app　&　webpack-dev-server `
24 error spawn ENOENT
25 error Failed at the webpack-app@1.0.0 dev script 'node app　&　webpack-dev-server '.
25 error Make sure you have the latest version of node.js and npm installed.
25 error If you do, this is most likely a problem with the webpack-app package,
25 error not with npm itself.
25 error Tell the author that this fails on your system:
25 error     node app　&　webpack-dev-server
25 error You can get information on how to open an issue for this project with:
25 error     npm bugs webpack-app
25 error Or if that isn't available, you can get their info via:
25 error     npm owner ls webpack-app
25 error There is likely additional logging output above.
26 verbose exit [ 1, true ]
